baseAnimation/build/outputs/logs/manifest-merger-debug-report.txt
-- Merging decision tree log ---
manifest
ADDED from src\main\AndroidManifest.xml:2:1-557:12
	package
		ADDED from src\main\AndroidManifest.xml:3:5-40
		INJECTED from src\main\AndroidManifest.xml
		INJECTED from src\main\AndroidManifest.xml
	android:versionName
		ADDED from src\main\AndroidManifest.xml:5:5-30
		INJECTED from src\main\AndroidManifest.xml
		INJECTED from src\main\AndroidManifest.xml
	android:versionCode
		ADDED from src\main\AndroidManifest.xml:4:5-29
		INJECTED from src\main\AndroidManifest.xml
		INJECTED from src\main\AndroidManifest.xml
	xmlns:android
		ADDED from src\main\AndroidManifest.xml:2:11-69
uses-sdk
ADDED from src\main\AndroidManifest.xml:7:5-9:41
MERGED from [BaseAnimation:bAnim_FilpLibrary:unspecified] AndroidManifest.xml:7:5-9:41
MERGED from [BaseAnimation:bAnim_ListViewLibrary:unspecified] AndroidManifest.xml:7:5-9:41
MERGED from [com.android.support:appcompat-v7:19.1.0] AndroidManifest.xml:18:5-42
MERGED from [com.android.support:appcompat-v7:19.1.0] AndroidManifest.xml:18:5-42
	android:targetSdkVersion
		ADDED from src\main\AndroidManifest.xml:9:9-38
		INJECTED from src\main\AndroidManifest.xml
		INJECTED from src\main\AndroidManifest.xml
	android:minSdkVersion
		ADDED from src\main\AndroidManifest.xml:8:9-34
		INJECTED from src\main\AndroidManifest.xml
		INJECTED from src\main\AndroidManifest.xml
uses-permission#android.permission.VIBRATE
ADDED from src\main\AndroidManifest.xml:12:5-13:23
	android:name
		ADDED from src\main\AndroidManifest.xml:12:22-63
permission#com.duguang.baseanimation.permission.JPUSH_MESSAGE
ADDED from src\main\AndroidManifest.xml:17:5-19:47
	android:protectionLevel
		ADDED from src\main\AndroidManifest.xml:19:9-44
	android:name
		ADDED from src\main\AndroidManifest.xml:18:9-74
uses-permission#android.permission.SYSTEM_ALERT_WINDOW
ADDED from src\main\AndroidManifest.xml:22:5-78
	android:name
		ADDED from src\main\AndroidManifest.xml:22:22-75
uses-permission#com.android.vending.BILLING
ADDED from src\main\AndroidManifest.xml:23:5-67
	android:name
		ADDED from src\main\AndroidManifest.xml:23:22-64
uses-permission#com.duguang.baseanimation.permission.JPUSH_MESSAGE
ADDED from src\main\AndroidManifest.xml:26:5-90
	android:name
		ADDED from src\main\AndroidManifest.xml:26:22-87
uses-permission#android.permission.RECEIVE_USER_PRESENT
ADDED from src\main\AndroidManifest.xml:27:5-79
	android:name
		ADDED from src\main\AndroidManifest.xml:27:22-76
uses-permission#android.permission.INTERNET
ADDED from src\main\AndroidManifest.xml:28:5-67
	android:name
		ADDED from src\main\AndroidManifest.xml:28:22-64
uses-permission#android.permission.WAKE_LOCK
ADDED from src\main\AndroidManifest.xml:29:5-68
	android:name
		ADDED from src\main\AndroidManifest.xml:29:22-65
uses-permission#android.permission.READ_PHONE_STATE
ADDED from src\main\AndroidManifest.xml:30:5-75
	android:name
		ADDED from src\main\AndroidManifest.xml:30:22-72
uses-permission#android.permission.WRITE_EXTERNAL_STORAGE
ADDED from src\main\AndroidManifest.xml:31:5-81
	android:name
		ADDED from src\main\AndroidManifest.xml:31:22-78
uses-permission#android.permission.READ_EXTERNAL_STORAGE
ADDED from src\main\AndroidManifest.xml:32:5-80
	android:name
		ADDED from src\main\AndroidManifest.xml:32:22-77
uses-permission#android.permission.MOUNT_UNMOUNT_FILESYSTEMS
ADDED from src\main\AndroidManifest.xml:34:5-84
	android:name
		ADDED from src\main\AndroidManifest.xml:34:22-81
uses-permission#android.permission.ACCESS_NETWORK_STATE
ADDED from src\main\AndroidManifest.xml:35:5-79
	android:name
		ADDED from src\main\AndroidManifest.xml:35:22-76
uses-permission#android.permission.ACCESS_COARSE_LOCATION
ADDED from src\main\AndroidManifest.xml:39:5-81
	android:name
		ADDED from src\main\AndroidManifest.xml:39:22-78
uses-permission#android.permission.ACCESS_WIFI_STATE
ADDED from src\main\AndroidManifest.xml:40:5-76
	android:name
		ADDED from src\main\AndroidManifest.xml:40:22-73
uses-permission#android.permission.CHANGE_WIFI_STATE
ADDED from src\main\AndroidManifest.xml:41:5-76
	android:name
		ADDED from src\main\AndroidManifest.xml:41:22-73
uses-permission#android.permission.ACCESS_FINE_LOCATION
ADDED from src\main\AndroidManifest.xml:42:5-79
	android:name
		ADDED from src\main\AndroidManifest.xml:42:22-76
uses-permission#android.permission.ACCESS_LOCATION_EXTRA_COMMANDS
ADDED from src\main\AndroidManifest.xml:43:5-89
	android:name
		ADDED from src\main\AndroidManifest.xml:43:22-86
uses-permission#android.permission.CHANGE_NETWORK_STATE
ADDED from src\main\AndroidManifest.xml:44:5-79
	android:name
		ADDED from src\main\AndroidManifest.xml:44:22-76
uses-permission#android.permission.READ_LOGS
ADDED from src\main\AndroidManifest.xml:59:5-68
	android:name
		ADDED from src\main\AndroidManifest.xml:59:22-65
uses-permission#android.permission.DOWNLOAD_WITHOUT_NOTIFICATION
ADDED from src\main\AndroidManifest.xml:63:5-88
	android:name
		ADDED from src\main\AndroidManifest.xml:63:22-85
uses-permission#android.permission.GET_TASKS
ADDED from src\main\AndroidManifest.xml:67:5-67
	android:name
		ADDED from src\main\AndroidManifest.xml:67:22-65
application
ADDED from src\main\AndroidManifest.xml:68:5-555:19
MERGED from [BaseAnimation:bAnim_FilpLibrary:unspecified] AndroidManifest.xml:11:5-15:19
MERGED from [com.android.support:appcompat-v7:19.1.0] AndroidManifest.xml:19:5-20
MERGED from [com.android.support:appcompat-v7:19.1.0] AndroidManifest.xml:19:5-20
	android:label
		ADDED from src\main\AndroidManifest.xml:71:9-41
	android:allowBackup
		ADDED from src\main\AndroidManifest.xml:69:9-35
	android:icon
		ADDED from src\main\AndroidManifest.xml:70:9-45
	android:theme
		ADDED from [BaseAnimation:bAnim_FilpLibrary:unspecified] AndroidManifest.xml:14:9-40
activity#com.duguang.baseanimation.ui.MainActivity
ADDED from src\main\AndroidManifest.xml:75:9-83:20
	android:label
		ADDED from src\main\AndroidManifest.xml:77:13-45
	android:name
		ADDED from src\main\AndroidManifest.xml:76:13-69
intent-filter#android.intent.action.MAIN+android.intent.category.LAUNCHER
ADDED from src\main\AndroidManifest.xml:78:13-82:29
action#android.intent.action.MAIN
ADDED from src\main\AndroidManifest.xml:79:17-69
	android:name
		ADDED from src\main\AndroidManifest.xml:79:25-66
category#android.intent.category.LAUNCHER
ADDED from src\main\AndroidManifest.xml:81:17-77
	android:name
		ADDED from src\main\AndroidManifest.xml:81:27-74
activity#com.duguang.baseanimation.ui.SimpleActivity
ADDED from src\main\AndroidManifest.xml:88:9-89:20
	android:name
		ADDED from src\main\AndroidManifest.xml:88:19-77
activity#com.duguang.baseanimation.ui.ComplexActivity
ADDED from src\main\AndroidManifest.xml:90:9-91:20
	android:name
		ADDED from src\main\AndroidManifest.xml:90:19-78
activity#com.duguang.baseanimation.ui.AboutActivity
ADDED from src\main\AndroidManifest.xml:92:9-95:20
	android:launchMode
		ADDED from src\main\AndroidManifest.xml:94:13-44
	android:name
		ADDED from src\main\AndroidManifest.xml:93:13-70
activity#com.duguang.baseanimation.ui.splash.ZakerActivity
ADDED from src\main\AndroidManifest.xml:98:9-99:20
	android:name
		ADDED from src\main\AndroidManifest.xml:98:19-83
activity#com.duguang.baseanimation.ui.splash.SplashMainActivity
ADDED from src\main\AndroidManifest.xml:100:9-101:20
	android:name
		ADDED from src\main\AndroidManifest.xml:100:19-88
activity#com.duguang.baseanimation.ui.splash.LensFocusActivity
ADDED from src\main\AndroidManifest.xml:102:9-103:20
	android:name
		ADDED from src\main\AndroidManifest.xml:102:19-87
activity#com.duguang.baseanimation.ui.splash.RotateActivity
ADDED from src\main\AndroidManifest.xml:104:9-105:20
	android:name
		ADDED from src\main\AndroidManifest.xml:104:19-84
activity#com.duguang.baseanimation.ui.splash.Rotate3DActivity
ADDED from src\main\AndroidManifest.xml:106:9-107:20
	android:name
		ADDED from src\main\AndroidManifest.xml:106:19-86
activity#com.duguang.baseanimation.ui.splash.ViewPagerActivity
ADDED from src\main\AndroidManifest.xml:108:9-109:20
	android:name
		ADDED from src\main\AndroidManifest.xml:108:19-87
activity#com.duguang.baseanimation.ui.splash.splitActivity.Activity1
ADDED from src\main\AndroidManifest.xml:110:9-96
	android:name
		ADDED from src\main\AndroidManifest.xml:110:19-93
activity#com.duguang.baseanimation.ui.splash.splitActivity.Activity2
ADDED from src\main\AndroidManifest.xml:111:9-96
	android:name
		ADDED from src\main\AndroidManifest.xml:111:19-93
activity#com.duguang.baseanimation.ui.splash.splitActivity.Activity3
ADDED from src\main\AndroidManifest.xml:112:9-96
	android:name
		ADDED from src\main\AndroidManifest.xml:112:19-93
activity#com.duguang.baseanimation.ui.splash.splitActivity.Activity4
ADDED from src\main\AndroidManifest.xml:113:9-96
	android:name
		ADDED from src\main\AndroidManifest.xml:113:19-93
activity#com.duguang.baseanimation.ui.splash.fade.FadeMainActivity
ADDED from src\main\AndroidManifest.xml:114:9-94
	android:name
		ADDED from src\main\AndroidManifest.xml:114:19-91
activity#com.duguang.baseanimation.ui.splash.fade.FadeSplashScreenActivity
ADDED from src\main\AndroidManifest.xml:115:9-102
	android:name
		ADDED from src\main\AndroidManifest.xml:115:19-99
activity#com.duguang.baseanimation.ui.splash.fade2.Fade2MainActivity
ADDED from src\main\AndroidManifest.xml:116:9-96
	android:name
		ADDED from src\main\AndroidManifest.xml:116:19-93
activity#com.duguang.baseanimation.ui.flip.FlipMainActivity
ADDED from src\main\AndroidManifest.xml:122:9-87
	android:name
		ADDED from src\main\AndroidManifest.xml:122:19-84
activity#com.duguang.baseanimation.ui.flip.FlipTextViewActivity
ADDED from src\main\AndroidManifest.xml:123:9-91
	android:name
		ADDED from src\main\AndroidManifest.xml:123:19-88
activity#com.duguang.baseanimation.ui.flip.FlipButtonActivity
ADDED from src\main\AndroidManifest.xml:124:9-89
	android:name
		ADDED from src\main\AndroidManifest.xml:124:19-86
activity#com.duguang.baseanimation.ui.flip.FlipComplexLayoutActivity
ADDED from src\main\AndroidManifest.xml:125:9-96
	android:name
		ADDED from src\main\AndroidManifest.xml:125:19-93
activity#com.duguang.baseanimation.ui.flip.FlipDeleteAdapterActivity
ADDED from src\main\AndroidManifest.xml:126:9-96
	android:name
		ADDED from src\main\AndroidManifest.xml:126:19-93
activity#com.duguang.baseanimation.ui.flip.FlipAsyncContentActivity
ADDED from src\main\AndroidManifest.xml:127:9-95
	android:name
		ADDED from src\main\AndroidManifest.xml:127:19-92
activity#com.duguang.baseanimation.ui.flip.FlipTextViewAltActivity
ADDED from src\main\AndroidManifest.xml:128:9-94
	android:name
		ADDED from src\main\AndroidManifest.xml:128:19-91
activity#com.duguang.baseanimation.ui.flip.FlipHorizontalLayoutActivity
ADDED from src\main\AndroidManifest.xml:129:9-99
	android:name
		ADDED from src\main\AndroidManifest.xml:129:19-96
activity#com.duguang.baseanimation.ui.flip.FlipTextViewXmlActivity
ADDED from src\main\AndroidManifest.xml:130:9-94
	android:name
		ADDED from src\main\AndroidManifest.xml:130:19-91
activity#com.duguang.baseanimation.ui.flip.Issue5Activity
ADDED from src\main\AndroidManifest.xml:131:9-85
	android:name
		ADDED from src\main\AndroidManifest.xml:131:19-82
activity#com.duguang.baseanimation.ui.flip.FlipFragmentActivity
ADDED from src\main\AndroidManifest.xml:132:9-91
	android:name
		ADDED from src\main\AndroidManifest.xml:132:19-88
activity#com.duguang.baseanimation.ui.flip.FlipDynamicAdapterActivity
ADDED from src\main\AndroidManifest.xml:133:9-97
	android:name
		ADDED from src\main\AndroidManifest.xml:133:19-94
activity#com.duguang.baseanimation.ui.flip.FlipWebViewActivity
ADDED from src\main\AndroidManifest.xml:134:9-90
	android:name
		ADDED from src\main\AndroidManifest.xml:134:19-87
activity#com.duguang.baseanimation.ui.flip.Issue51Activity
ADDED from src\main\AndroidManifest.xml:135:9-86
	android:name
		ADDED from src\main\AndroidManifest.xml:135:19-83
activity#com.duguang.baseanimation.ui.imitate.ImitateMainActivity
ADDED from src\main\AndroidManifest.xml:140:9-142:47
	android:launchMode
		ADDED from src\main\AndroidManifest.xml:142:13-44
	android:name
		ADDED from src\main\AndroidManifest.xml:141:13-84
activity#com.duguang.baseanimation.ui.imitate.OutTicketActivity
ADDED from src\main\AndroidManifest.xml:143:9-145:47
	android:launchMode
		ADDED from src\main\AndroidManifest.xml:145:13-44
	android:name
		ADDED from src\main\AndroidManifest.xml:144:13-82
activity#com.duguang.baseanimation.ui.imitate.TaobaoPathbutton.TaobaoActivity
ADDED from src\main\AndroidManifest.xml:146:9-148:47
	android:launchMode
		ADDED from src\main\AndroidManifest.xml:148:13-44
	android:name
		ADDED from src\main\AndroidManifest.xml:147:13-96
activity#com.duguang.baseanimation.ui.imitate.YouKuActivity
ADDED from src\main\AndroidManifest.xml:149:9-151:47
	android:launchMode
		ADDED from src\main\AndroidManifest.xml:151:13-44
	android:name
		ADDED from src\main\AndroidManifest.xml:150:13-78
activity#com.duguang.baseanimation.ui.imitate.SpinnerMainActivity
ADDED from src\main\AndroidManifest.xml:152:9-154:47
	android:launchMode
		ADDED from src\main\AndroidManifest.xml:154:13-44
	android:name
		ADDED from src\main\AndroidManifest.xml:153:13-84
activity#com.duguang.baseanimation.ui.imitate.gallery.GalleryMainActivity
ADDED from src\main\AndroidManifest.xml:155:9-157:47
	android:launchMode
		ADDED from src\main\AndroidManifest.xml:157:13-44
	android:name
		ADDED from src\main\AndroidManifest.xml:156:13-92
activity#com.duguang.baseanimation.ui.imitate.RadarMainActivity
ADDED from src\main\AndroidManifest.xml:158:9-160:47
	android:launchMode
		ADDED from src\main\AndroidManifest.xml:160:13-44
	android:name
		ADDED from src\main\AndroidManifest.xml:159:13-82
activity#com.duguang.baseanimation.ui.imitate.counter.CalculatorActivity
ADDED from src\main\AndroidManifest.xml:161:9-100
	android:name
		ADDED from src\main\AndroidManifest.xml:161:19-97
activity#com.duguang.baseanimation.ui.imitate.counter.HelpAboutActivity
ADDED from src\main\AndroidManifest.xml:162:9-99
	android:name
		ADDED from src\main\AndroidManifest.xml:162:19-96
activity#com.duguang.baseanimation.ui.imitate.counter.MoreFunctionsActivity
ADDED from src\main\AndroidManifest.xml:163:9-103
	android:name
		ADDED from src\main\AndroidManifest.xml:163:19-100
activity#com.duguang.baseanimation.ui.imitate.biaopan.BiaoPanMainActivity
ADDED from src\main\AndroidManifest.xml:164:9-101
	android:name
		ADDED from src\main\AndroidManifest.xml:164:19-98
activity#com.duguang.baseanimation.ui.imitate.waterfall.WaterfallMainActivity
ADDED from src\main\AndroidManifest.xml:165:9-105
	android:name
		ADDED from src\main\AndroidManifest.xml:165:19-102
activity#com.duguang.baseanimation.ui.imitate.fang360.RootblockMainActivity
ADDED from src\main\AndroidManifest.xml:166:9-103
	android:name
		ADDED from src\main\AndroidManifest.xml:166:19-100
activity#com.duguang.baseanimation.ui.imitate.wheel.WheelMainActivity
ADDED from src\main\AndroidManifest.xml:167:9-97
	android:name
		ADDED from src\main\AndroidManifest.xml:167:19-94
activity#com.duguang.baseanimation.ui.imitate.widget.WidgetMainActivity
ADDED from src\main\AndroidManifest.xml:168:9-99
	android:name
		ADDED from src\main\AndroidManifest.xml:168:19-96
activity#com.duguang.baseanimation.ui.imitate.weixin.WeixinChatDemoActivity
ADDED from src\main\AndroidManifest.xml:169:9-103
	android:name
		ADDED from src\main\AndroidManifest.xml:169:19-100
activity#com.duguang.baseanimation.ui.imitate.viberation.ViberationMain
ADDED from src\main\AndroidManifest.xml:170:9-99
	android:name
		ADDED from src\main\AndroidManifest.xml:170:19-96
activity#com.duguang.baseanimation.ui.imitate.SlidingDrawerMainActivity
ADDED from src\main\AndroidManifest.xml:171:9-99
	android:name
		ADDED from src\main\AndroidManifest.xml:171:19-96
activity#com.duguang.baseanimation.ui.imitate.taobaoPath2.PathMenuMainActivity
ADDED from src\main\AndroidManifest.xml:172:9-106
	android:name
		ADDED from src\main\AndroidManifest.xml:172:19-103
activity#com.duguang.baseanimation.ui.listivew.ListViewMani
ADDED from src\main\AndroidManifest.xml:178:9-180:47
	android:launchMode
		ADDED from src\main\AndroidManifest.xml:180:13-44
	android:name
		ADDED from src\main\AndroidManifest.xml:179:13-78
activity#com.duguang.baseanimation.ui.listivew.deletelistview.DeleteListViewMainActivity
ADDED from src\main\AndroidManifest.xml:181:9-183:47
	android:launchMode
		ADDED from src\main\AndroidManifest.xml:183:13-44
	android:name
		ADDED from src\main\AndroidManifest.xml:182:13-107
activity#com.duguang.baseanimation.ui.listivew.refresh.RefreshMainActivity
ADDED from src\main\AndroidManifest.xml:184:9-186:47
	android:launchMode
		ADDED from src\main\AndroidManifest.xml:186:13-44
	android:name
		ADDED from src\main\AndroidManifest.xml:185:13-93
activity#com.duguang.baseanimation.ui.listivew.sortlistview.SortListViewMainActivity
ADDED from src\main\AndroidManifest.xml:187:9-189:47
	android:launchMode
		ADDED from src\main\AndroidManifest.xml:189:13-44
	android:name
		ADDED from src\main\AndroidManifest.xml:188:13-103
activity#com.duguang.baseanimation.ui.listivew.indexlistview.IndexMainActivity
ADDED from src\main\AndroidManifest.xml:190:9-192:47
	android:launchMode
		ADDED from src\main\AndroidManifest.xml:192:13-44
	android:name
		ADDED from src\main\AndroidManifest.xml:191:13-97
activity#com.duguang.baseanimation.ui.listivew.deleteleft.DeleteLeftMainActivity
ADDED from src\main\AndroidManifest.xml:193:9-195:47
	android:launchMode
		ADDED from src\main\AndroidManifest.xml:195:13-44
	android:name
		ADDED from src\main\AndroidManifest.xml:194:13-99
activity#com.duguang.baseanimation.ui.listivew.deletealpha.DeleteAlphaMainActivity
ADDED from src\main\AndroidManifest.xml:196:9-198:47
	android:launchMode
		ADDED from src\main\AndroidManifest.xml:198:13-44
	android:name
		ADDED from src\main\AndroidManifest.xml:197:13-101
activity#com.duguang.baseanimation.ui.listivew.listviews.ListViewsMainActivity
ADDED from src\main\AndroidManifest.xml:199:9-201:47
	android:theme
		ADDED from src\main\AndroidManifest.xml:201:13-44
	android:name
		ADDED from src\main\AndroidManifest.xml:200:13-97
activity#com.duguang.baseanimation.ui.listivew.listviews.MyListActivity
ADDED from src\main\AndroidManifest.xml:202:9-99
	android:name
		ADDED from src\main\AndroidManifest.xml:202:19-96
activity#com.duguang.baseanimation.ui.listivew.listviews.appearanceexamples.AppearanceExamplesActivity
ADDED from src\main\AndroidManifest.xml:203:9-205:50
	android:label
		ADDED from src\main\AndroidManifest.xml:205:13-47
	android:name
		ADDED from src\main\AndroidManifest.xml:204:13-121
activity#com.duguang.baseanimation.ui.listivew.listviews.GoogleCardsActivity
ADDED from src\main\AndroidManifest.xml:206:9-208:51
	android:label
		ADDED from src\main\AndroidManifest.xml:208:13-48
	android:name
		ADDED from src\main\AndroidManifest.xml:207:13-95
activity#com.duguang.baseanimation.ui.listivew.listviews.itemmanipulationexamples.ItemManipulationsExamplesActivity
ADDED from src\main\AndroidManifest.xml:209:9-211:56
	android:label
		ADDED from src\main\AndroidManifest.xml:211:13-53
	android:name
		ADDED from src\main\AndroidManifest.xml:210:13-134
activity#com.duguang.baseanimation.ui.listivew.listviews.itemmanipulationexamples.DragAndDropActivity
ADDED from src\main\AndroidManifest.xml:212:9-214:51
	android:label
		ADDED from src\main\AndroidManifest.xml:214:13-48
	android:name
		ADDED from src\main\AndroidManifest.xml:213:13-120
activity#com.duguang.baseanimation.ui.listivew.listviews.itemmanipulationexamples.SwipeDismissActivity
ADDED from src\main\AndroidManifest.xml:215:9-217:52
	android:label
		ADDED from src\main\AndroidManifest.xml:217:13-49
	android:name
		ADDED from src\main\AndroidManifest.xml:216:13-121
activity#com.duguang.baseanimation.ui.listivew.listviews.itemmanipulationexamples.AnimateDismissActivity
ADDED from src\main\AndroidManifest.xml:218:9-220:54
	android:label
		ADDED from src\main\AndroidManifest.xml:220:13-51
	android:name
		ADDED from src\main\AndroidManifest.xml:219:13-123
activity#com.duguang.baseanimation.ui.listivew.listviews.GridViewActivity
ADDED from src\main\AndroidManifest.xml:221:9-223:55
	android:label
		ADDED from src\main\AndroidManifest.xml:223:13-52
	android:name
		ADDED from src\main\AndroidManifest.xml:222:13-92
activity#com.duguang.baseanimation.ui.listivew.listviews.itemmanipulationexamples.ExpandableListItemActivity
ADDED from src\main\AndroidManifest.xml:224:9-226:65
	android:label
		ADDED from src\main\AndroidManifest.xml:226:13-62
	android:name
		ADDED from src\main\AndroidManifest.xml:225:13-127
activity#com.duguang.baseanimation.ui.listivew.interceptor.ListViewInterceptorMainActivity
ADDED from src\main\AndroidManifest.xml:227:9-118
	android:name
		ADDED from src\main\AndroidManifest.xml:227:19-115
activity#com.duguang.baseanimation.ui.listivew.listforpage.ListForPageMainActivity
ADDED from src\main\AndroidManifest.xml:228:9-110
	android:name
		ADDED from src\main\AndroidManifest.xml:228:19-107
service#com.zdp.aseo.content.AseoZdpUpdateService
ADDED from src\main\AndroidManifest.xml:232:9-77
	android:name
		ADDED from src\main\AndroidManifest.xml:232:18-74
activity#com.iflytek.voiceads.request.IFLYBrowser
ADDED from src\main\AndroidManifest.xml:233:3-235:52
	android:screenOrientation
		ADDED from src\main\AndroidManifest.xml:235:13-49
	android:name
		ADDED from src\main\AndroidManifest.xml:234:13-68
meta-data#IFLYTEK_APPKEY_AD
ADDED from src\main\AndroidManifest.xml:236:9-80
	android:value
		ADDED from src\main\AndroidManifest.xml:236:54-78
	android:name
		ADDED from src\main\AndroidManifest.xml:236:21-53
activity#com.duguang.baseanimation.ui.customview.CustomViewMainActivity
ADDED from src\main\AndroidManifest.xml:238:9-99
	android:name
		ADDED from src\main\AndroidManifest.xml:238:19-96
activity#com.duguang.baseanimation.ui.customview.clickdeflect.ClickDeflectActivity
ADDED from src\main\AndroidManifest.xml:239:9-110
	android:name
		ADDED from src\main\AndroidManifest.xml:239:19-107
activity#com.duguang.baseanimation.ui.customview.morecustom.MoreCustomMainActivity
ADDED from src\main\AndroidManifest.xml:240:9-110
	android:name
		ADDED from src\main\AndroidManifest.xml:240:19-107
activity#com.duguang.baseanimation.ui.customview.circlemenu.CircleMenuMainActivity
ADDED from src\main\AndroidManifest.xml:241:9-110
	android:name
		ADDED from src\main\AndroidManifest.xml:241:19-107
activity#com.duguang.baseanimation.ui.customview.titlelistview.TitleListViewMainActivity
ADDED from src\main\AndroidManifest.xml:242:9-116
	android:name
		ADDED from src\main\AndroidManifest.xml:242:19-113
activity#com.duguang.baseanimation.ui.customview.gallerylistview.GalleryListViewMain
ADDED from src\main\AndroidManifest.xml:243:9-112
	android:name
		ADDED from src\main\AndroidManifest.xml:243:19-109
activity#com.duguang.baseanimation.ui.customview.ribbomenu.RibbonMainActivity
ADDED from src\main\AndroidManifest.xml:244:9-105
	android:name
		ADDED from src\main\AndroidManifest.xml:244:19-102
activity#com.duguang.baseanimation.ui.customview.hscrollview.ScrollviewMainActivity
ADDED from src\main\AndroidManifest.xml:245:9-111
	android:name
		ADDED from src\main\AndroidManifest.xml:245:19-108
activity#com.duguang.baseanimation.ui.customview.progressbar.ProgressBarMain
ADDED from src\main\AndroidManifest.xml:246:9-104
	android:name
		ADDED from src\main\AndroidManifest.xml:246:19-101
activity#com.duguang.baseanimation.ui.customview.progressbar.ProgressBar_Color
ADDED from src\main\AndroidManifest.xml:247:9-106
	android:name
		ADDED from src\main\AndroidManifest.xml:247:19-103
activity#com.duguang.baseanimation.ui.customview.progressbar.ProgressBar_Indeter
ADDED from src\main\AndroidManifest.xml:248:9-108
	android:name
		ADDED from src\main\AndroidManifest.xml:248:19-105
activity#com.duguang.baseanimation.ui.customview.progressbar.ProgressBar_Left
ADDED from src\main\AndroidManifest.xml:249:9-105
	android:name
		ADDED from src\main\AndroidManifest.xml:249:19-102
activity#com.duguang.baseanimation.ui.customview.progressbar.ProgressBar_Right
ADDED from src\main\AndroidManifest.xml:250:9-106
	android:name
		ADDED from src\main\AndroidManifest.xml:250:19-103
activity#com.duguang.baseanimation.ui.customview.lodingdialog.LoadingDialogMainActivity
ADDED from src\main\AndroidManifest.xml:251:9-115
	android:name
		ADDED from src\main\AndroidManifest.xml:251:19-112
activity#com.duguang.baseanimation.ui.customview.popwindow.PoupWindowMainActivity
ADDED from src\main\AndroidManifest.xml:252:9-109
	android:name
		ADDED from src\main\AndroidManifest.xml:252:19-106
activity#com.duguang.baseanimation.ui.customview.DialogsMainActivity
ADDED from src\main\AndroidManifest.xml:253:9-96
	android:name
		ADDED from src\main\AndroidManifest.xml:253:19-93
activity#com.duguang.baseanimation.ui.customview.yzhou.TwoSidedViewActivity
ADDED from src\main\AndroidManifest.xml:254:9-103
	android:name
		ADDED from src\main\AndroidManifest.xml:254:19-100
activity#com.duguang.baseanimation.ui.customview.TransparentPopWindowMenu
ADDED from src\main\AndroidManifest.xml:255:9-101
	android:name
		ADDED from src\main\AndroidManifest.xml:255:19-98
activity#com.duguang.baseanimation.ui.customview.serchfly.SearchFlyActivity
ADDED from src\main\AndroidManifest.xml:256:9-103
	android:name
		ADDED from src\main\AndroidManifest.xml:256:19-100
activity#com.duguang.baseanimation.ui.customview.badger.BadgerMainActivity
ADDED from src\main\AndroidManifest.xml:257:9-102
	android:name
		ADDED from src\main\AndroidManifest.xml:257:19-99
activity#com.duguang.baseanimation.ui.customview.switchs.SwitchMainActivity
ADDED from src\main\AndroidManifest.xml:258:9-103
	android:name
		ADDED from src\main\AndroidManifest.xml:258:19-100
activity#com.duguang.baseanimation.ui.customview.milaucher.MiLaucherMainActivity
ADDED from src\main\AndroidManifest.xml:259:3-102
	android:name
		ADDED from src\main\AndroidManifest.xml:259:13-99
activity#com.duguang.baseanimation.ui.tab.TabMainActivity
ADDED from src\main\AndroidManifest.xml:265:9-85
	android:name
		ADDED from src\main\AndroidManifest.xml:265:19-82
activity#com.duguang.baseanimation.ui.tab.WinterMainActivity
ADDED from src\main\AndroidManifest.xml:266:9-88
	android:name
		ADDED from src\main\AndroidManifest.xml:266:19-85
activity#com.duguang.baseanimation.ui.tab.scroll.ScrollViewMainActivity
ADDED from src\main\AndroidManifest.xml:267:9-99
	android:name
		ADDED from src\main\AndroidManifest.xml:267:19-96
activity#com.duguang.baseanimation.ui.tab.gviewpager.GViewPagerMainActivity
ADDED from src\main\AndroidManifest.xml:268:9-103
	android:name
		ADDED from src\main\AndroidManifest.xml:268:19-100
activity#com.duguang.baseanimation.ui.tab.gviewpager.GViewPagerMainActivityOne
ADDED from src\main\AndroidManifest.xml:269:9-106
	android:name
		ADDED from src\main\AndroidManifest.xml:269:19-103
activity#com.duguang.baseanimation.ui.tab.gviewpager.GViewPagerMainActivityTwo
ADDED from src\main\AndroidManifest.xml:270:9-106
	android:name
		ADDED from src\main\AndroidManifest.xml:270:19-103
activity#com.duguang.baseanimation.ui.tab.tabhost.TabHostMoveMainActivity
ADDED from src\main\AndroidManifest.xml:271:3-95
	android:name
		ADDED from src\main\AndroidManifest.xml:271:13-92
activity#com.duguang.baseanimation.ui.nineold.NineOldMani
ADDED from src\main\AndroidManifest.xml:278:9-286:20
	android:label
		ADDED from src\main\AndroidManifest.xml:280:13-34
	android:name
		ADDED from src\main\AndroidManifest.xml:279:13-76
intent-filter#android.intent.action.MAIN+com.duguang.baseanimation
ADDED from src\main\AndroidManifest.xml:281:13-285:29
category#com.duguang.baseanimation
ADDED from src\main\AndroidManifest.xml:284:17-70
	android:name
		ADDED from src\main\AndroidManifest.xml:284:27-67
activity#com.duguang.baseanimation.ui.nineold.Toggles
ADDED from src\main\AndroidManifest.xml:287:9-295:20
	android:label
		ADDED from src\main\AndroidManifest.xml:289:13-36
	android:name
		ADDED from src\main\AndroidManifest.xml:288:13-72
activity#com.duguang.baseanimation.ui.nineold.VPADemo
ADDED from src\main\AndroidManifest.xml:296:9-304:20
	android:label
		ADDED from src\main\AndroidManifest.xml:298:13-54
	android:name
		ADDED from src\main\AndroidManifest.xml:297:13-72
activity#com.duguang.baseanimation.ui.nineold.apidemos.AnimationCloning
ADDED from src\main\AndroidManifest.xml:307:9-315:20
	android:label
		ADDED from src\main\AndroidManifest.xml:309:13-56
	android:name
		ADDED from src\main\AndroidManifest.xml:308:13-90
activity#com.duguang.baseanimation.ui.nineold.apidemos.AnimationLoading
ADDED from src\main\AndroidManifest.xml:316:9-324:20
	android:label
		ADDED from src\main\AndroidManifest.xml:318:13-56
	android:name
		ADDED from src\main\AndroidManifest.xml:317:13-90
activity#com.duguang.baseanimation.ui.nineold.apidemos.AnimationSeeking
ADDED from src\main\AndroidManifest.xml:325:9-333:20
	android:label
		ADDED from src\main\AndroidManifest.xml:327:13-56
	android:name
		ADDED from src\main\AndroidManifest.xml:326:13-90
activity#com.duguang.baseanimation.ui.nineold.apidemos.AnimatorEvents
ADDED from src\main\AndroidManifest.xml:334:9-342:20
	android:label
		ADDED from src\main\AndroidManifest.xml:336:13-54
	android:name
		ADDED from src\main\AndroidManifest.xml:335:13-88
activity#com.duguang.baseanimation.ui.nineold.apidemos.BouncingBalls
ADDED from src\main\AndroidManifest.xml:343:9-351:20
	android:label
		ADDED from src\main\AndroidManifest.xml:345:13-53
	android:name
		ADDED from src\main\AndroidManifest.xml:344:13-87
activity#com.duguang.baseanimation.ui.nineold.apidemos.CustomEvaluator
ADDED from src\main\AndroidManifest.xml:352:9-360:20
	android:label
		ADDED from src\main\AndroidManifest.xml:354:13-55
	android:name
		ADDED from src\main\AndroidManifest.xml:353:13-89
activity#com.duguang.baseanimation.ui.nineold.apidemos.MultiPropertyAnimation
ADDED from src\main\AndroidManifest.xml:361:9-369:20
	android:label
		ADDED from src\main\AndroidManifest.xml:363:13-63
	android:name